make all --print-data-base --no-builtin-variables --no-builtin-rules --question
# GNU Make 3.81
# Copyright (C) 2006  Free Software Foundation, Inc.
# This is free software; see the source for copying conditions.
# There is NO warranty; not even for MERCHANTABILITY or FITNESS FOR A
# PARTICULAR PURPOSE.

# This program built for i386-apple-darwin11.3.0
 

# Make data base, printed on Tue May 17 20:10:58 2022

# Variables

# automatic
<D = $(patsubst %/,%,$(dir $<))
# automatic
?F = $(notdir $?)
# makefile (from `Makefile', line 48)
OBJ = $(SRC:%.c=%.o)
# makefile (from `Makefile', line 31)
SRC = main.c init.c set_hooks.c print_error.c utils.c draw_game.c draw.c vec2.c time.c parse.c parse_file.c parse_utils.c parse_textures.c parse_map.c dev.c minimap.c 
# environment
VSCODE_LOG_NATIVE = false
# automatic
 
?D = $(patsubst %/,%,$(dir $?))
# automatic
@D = $(patsubst %/,%,$(dir $@))
# automatic
@F = $(notdir $@)
# makefile
CURDIR := /Users/xtem/Desktop/cub3d_group
# makefile
SHELL = /bin/sh
# environment
VSCODE_NLS_CONFIG = {"locale":"fr","availableLanguages":{"*":"fr"},"_languagePackId":"f62d0d328ea2a469bad3c39b06263023.fr","_translationsConfigFile":"/Users/xtem/Library/Application Support/Code/clp/f62d0d328ea2a469bad3c39b06263023.fr/tcf.json","_cacheRoot":"/Users/xtem/Library/Application Support/Code/clp/f62d0d328ea2a469bad3c39b06263023.fr","_resolvedLanguagePackCoreLocation":"/Users/xtem/Library/Application Support/Code/clp/f62d0d328ea2a469bad3c39b06263023.fr/57fd6d0195bb9b9d1b49f6da5db789060795de47","_corruptedFile":"/Users/xtem/Library/Application Support/Code/clp/f62d0d328ea2a469bad3c39b06263023.fr/corrupted.info","_languagePackSupport":true}
# environment
_ = /usr/bin/make
# makefile (from `Makefile', line 22)
CFLAGS = -g 
# makefile (from `Makefile', line 18)
BLUE = "\033[0;34m"
# makefile (from `Makefile', line 1)
MAKEFILE_LIST :=  Makefile
# makefile (from `Makefile', line 26)
OBJ_DIR = srcs/objs
# environment
VSCODE_VERBOSE_LOGGING = true
# environment
__CFBundleIdentifier = com.microsoft.VSCode
# environment
VSCODE_IPC_HOOK_EXTHOST = /var/folders/rk/zhtyhxt10txfnjc7d172v5740000gn/T/vscode-ipc-0a25cec0-661f-4e47-8275-7767b1ca66b7.sock
# environment
VSCODE_CWD = /
# environment
PATH = /Library/Frameworks/Python.framework/Versions/3.10/bin:/usr/local/bin:/usr/bin:/bin:/usr/sbin:/sbin:/Library/Apple/usr/bin
# environment
VSCODE_LOG_STACK = false
# environment
ELECTRON_RUN_AS_NODE = 1
# default
.FEATURES := target-specific order-only second-expansion else-if archives jobserver check-symlink
# environment
SSH_AUTH_SOCK = /private/tmp/com.apple.launchd.AhVYnHFXti/Listeners
# automatic
%F = $(notdir $%)
# environment
VSCODE_PIPE_LOGGING = true
# environment
PWD = /Users/xtem/Desktop/cub3d_group
# environment
ORIGINAL_XDG_CURRENT_DESKTOP = undefined
# makefile (from `Makefile', line 16)
GREEN = "\033[0;32m"     
# environment
VSCODE_AMD_ENTRYPOINT = vs/workbench/api/node/extensionHostProcess
# environment
HOME = /Users/xtem
# default
MAKEFILEPATH = $(shell /usr/bin/xcode-select -print-path 2>/dev/null || echo /Developer)/Makefiles
# environment
VSCODE_CODE_CACHE_PATH = /Users/xtem/Library/Application Support/Code/CachedData/57fd6d0195bb9b9d1b49f6da5db789060795de47
# environment
LOGNAME = xtem
# environment
APPLICATION_INSIGHTS_NO_DIAGNOSTIC_CHANNEL = 1
# makefile (from `Makefile', line 29)
HEADERS = -I$(I_DIR) -Ilibft/includes -Iminilibx
# environment
VSCODE_HANDLES_UNCAUGHT_ERRORS = true
# automatic
^D = $(patsubst %/,%,$(dir $^))
# environment
XPC_FLAGS = 0x0
# default
MAKE = $(MAKE_COMMAND)
# default
MAKECMDGOALS := all
# environment
SHLVL = 1
# makefile (from `Makefile', line 21)
CC = gcc
# default
MAKE_VERSION := 3.81
# environment
USER = xtem
# makefile
.DEFAULT_GOAL := all
# makefile (from `Makefile', line 23)
NAME = cub3d
# automatic
%D = $(patsubst %/,%,$(dir $%))
# default
MAKE_COMMAND := /Library/Developer/CommandLineTools/usr/bin/make
# makefile (from `Makefile', line 13)
NC = "\033[0m"	
# default
.VARIABLES := 
# environment
TMPDIR = /var/folders/rk/zhtyhxt10txfnjc7d172v5740000gn/T/
# automatic
*F = $(notdir $*)
# environment
VSCODE_IPC_HOOK = /Users/xtem/Library/Application Support/Code/1.67.0-main.sock
# makefile (from `Makefile', line 15)
RED = "\033[0;31m"
# makefile
MAKEFLAGS = Rrqp
# environment
MFLAGS = -Rrqp
# automatic
*D = $(patsubst %/,%,$(dir $*))
# makefile (from `Makefile', line 14)
BLACK = "\033[0;30m"   
# environment
XPC_SERVICE_NAME = application.com.microsoft.VSCode.8637323411.8637323417
# automatic
+D = $(patsubst %/,%,$(dir $+))
# makefile (from `Makefile', line 17)
YELLOW = "\033[0;33m"
# makefile (from `Makefile', line 19)
CYAN = "\033[0;36m"
# automatic
+F = $(notdir $+)
# environment
__CF_USER_TEXT_ENCODING = 0x1F5:0x0:0x1
# environment
COMMAND_MODE = unix2003
# default
MAKEFILES := 
# makefile (from `Makefile', line 25)
SRC_DIR = srcs
# automatic
<F = $(notdir $<)
# makefile (from `Makefile', line 24)
I_DIR = includes
# environment
LC_ALL = C
# makefile (from `Makefile', line 28)
LIBS = -Llibft -lft -Lminilibx -lmlx
# automatic
^F = $(notdir $^)
# default
SUFFIXES := 
# default
.INCLUDE_DIRS = /usr/local/include
# environment
MAKELEVEL := 0
# environment
LANG = C
# environment
VSCODE_PID = 80564
# makefile (from `Makefile', line 50)
OBJ_PFX = $(addprefix $(OBJ_DIR)/, $(OBJ))
# variable set hash-table stats:
# Load=80/1024=8%, Rehash=0, Collisions=4/112=4%

# Pattern-specific Variable Values

# No pattern-specific variable values.

# Directories

# . (device 16777220, inode 8637397333): 13 files, no impossibilities.
 
# srcs (device 16777220, inode 8637397495): 19 files, no impossibilities so far.

# 32 files, no impossibilities in 2 directories.

# Implicit Rules

srcs/objs/%.o: srcs/%.c
#  commands to execute (from `Makefile', line 61):
	@mkdir -p $(OBJ_DIR)
	@printf $(CYAN)
	$(CC) $(CFLAGS) -o $@ -c $< $(HEADERS)
	@printf $(NC)
	

# 1 implicit rules, 0 (0.0%) terminal.

# Files

# Not a target:
srcs/parse_map.c:
#  Implicit rule search has been done.
#  Last modified 2022-05-17 17:43:56
#  File has been updated.
#  Successfully updated.
# variable set hash-table stats:
# Load=0/32=0%, Rehash=0, Collisions=0/0=0%

# Not a target:
srcs/parse_file.c:
#  Implicit rule search has been done.
#  Last modified 2022-05-17 17:43:56
#  File has been updated.
#  Successfully updated.
# variable set hash-table stats:
# Load=0/32=0%, Rehash=0, Collisions=0/0=0%

# Not a target:
srcs/print_error.c:
#  Implicit rule search has been done.
#  Last modified 2022-05-17 17:43:56
#  File has been updated.
#  Successfully updated.
# variable set hash-table stats:
# Load=0/32=0%, Rehash=0, Collisions=0/0=0%

# Not a target:
srcs/draw.c:
#  Implicit rule search has been done.
#  Last modified 2022-05-17 17:43:56
#  File has been updated.
#  Successfully updated.
# variable set hash-table stats:
# Load=0/32=0%, Rehash=0, Collisions=0/0=0%

srcs/objs/utils.o: srcs/utils.c
#  Implicit rule search has been done.
#  Implicit/static pattern stem: `utils'
#  Last modified 2022-05-17 19:56:05
#  File has been updated.
#  Successfully updated.
# variable set hash-table stats:
# Load=0/32=0%, Rehash=0, Collisions=0/0=0%
#  commands to execute (from `Makefile', line 61):
	@mkdir -p $(OBJ_DIR)
	@printf $(CYAN)
	$(CC) $(CFLAGS) -o $@ -c $< $(HEADERS)
	@printf $(NC)
	

all: cub3d
#  Phony target (prerequisite of .PHONY).
#  Command-line target.
#  Implicit rule search has not been done.
#  File does not exist.
#  File has been updated.
#  Successfully updated.
# variable set hash-table stats:
# Load=0/32=0%, Rehash=0, Collisions=0/0=0%

.PHONY: all run clean fclean re
#  Implicit rule search has not been done.
#  Modification time never checked.
#  File has not been updated.

srcs/objs/main.o: srcs/main.c
#  Implicit rule search has been done.
#  Implicit/static pattern stem: `main'
#  Last modified 2022-05-17 19:56:05
#  File has been updated.
#  Successfully updated.
# variable set hash-table stats:
# Load=0/32=0%, Rehash=0, Collisions=0/0=0%
#  commands to execute (from `Makefile', line 61):
	@mkdir -p $(OBJ_DIR)
	@printf $(CYAN)
	$(CC) $(CFLAGS) -o $@ -c $< $(HEADERS)
	@printf $(NC)
	

cub3d: srcs/objs/main.o srcs/objs/init.o srcs/objs/set_hooks.o srcs/objs/print_error.o srcs/objs/utils.o srcs/objs/draw_game.o srcs/objs/draw.o srcs/objs/vec2.o srcs/objs/time.o srcs/objs/parse.o srcs/objs/parse_file.o srcs/objs/parse_utils.o srcs/objs/parse_textures.o srcs/objs/parse_map.o srcs/objs/dev.o srcs/objs/minimap.o
#  Implicit rule search has not been done.
#  Last modified 2022-05-17 20:09:25
#  File has been updated.
#  Successfully updated.
# variable set hash-table stats:
# Load=0/32=0%, Rehash=0, Collisions=0/0=0%
#  commands to execute (from `Makefile', line 55):
	@make -C libft
	@printf $(BLUE)
	$(CC) -o $(NAME) $(OBJ_PFX) $(LIBS) -framework OpenGL -framework AppKit
	@printf $(NC)
	

srcs/objs/parse_utils.o: srcs/parse_utils.c
#  Implicit rule search has been done.
#  Implicit/static pattern stem: `parse_utils'
#  Last modified 2022-05-17 19:56:06
#  File has been updated.
#  Successfully updated.
# variable set hash-table stats:
# Load=0/32=0%, Rehash=0, Collisions=0/0=0%
#  commands to execute (from `Makefile', line 61):
	@mkdir -p $(OBJ_DIR)
	@printf $(CYAN)
	$(CC) $(CFLAGS) -o $@ -c $< $(HEADERS)
	@printf $(NC)
	

# Not a target:
.SUFFIXES:
#  Implicit rule search has not been done.
#  Modification time never checked.
#  File has not been updated.

srcs/objs/parse_textures.o: srcs/parse_textures.c
#  Implicit rule search has been done.
#  Implicit/static pattern stem: `parse_textures'
#  Last modified 2022-05-17 19:56:06
#  File has been updated.
#  Successfully updated.
# variable set hash-table stats:
# Load=0/32=0%, Rehash=0, Collisions=0/0=0%
#  commands to execute (from `Makefile', line 61):
	@mkdir -p $(OBJ_DIR)
	@printf $(CYAN)
	$(CC) $(CFLAGS) -o $@ -c $< $(HEADERS)
	@printf $(NC)
	

# Not a target:
Makefile:
#  Implicit rule search has been done.
 
#  Last modified 2022-05-17 20:10:30
#  File has been updated.
#  Successfully updated.
# variable set hash-table stats:
# Load=0/32=0%, Rehash=0, Collisions=0/0=0%

# Not a target:
srcs/main.c:
#  Implicit rule search has been done.
#  Last modified 2022-05-17 17:43:56
#  File has been updated.
#  Successfully updated.
# variable set hash-table stats:
# Load=0/32=0%, Rehash=0, Collisions=0/0=0%

srcs/objs/vec2.o: srcs/vec2.c
#  Implicit rule search has been done.
#  Implicit/static pattern stem: `vec2'
#  Last modified 2022-05-17 19:56:05
#  File has been updated.
#  Successfully updated.
# variable set hash-table stats:
# Load=0/32=0%, Rehash=0, Collisions=0/0=0%
#  commands to execute (from `Makefile', line 61):
	@mkdir -p $(OBJ_DIR)
	@printf $(CYAN)
	$(CC) $(CFLAGS) -o $@ -c $< $(HEADERS)
	@printf $(NC)
	

srcs/objs/minimap.o: srcs/minimap.c
#  Implicit rule search has been done.
#  Implicit/static pattern stem: `minimap'
#  Last modified 2022-05-17 19:56:06
#  File has been updated.
#  Successfully updated.
# variable set hash-table stats:
# Load=0/32=0%, Rehash=0, Collisions=0/0=0%
#  commands to execute (from `Makefile', line 61):
	@mkdir -p $(OBJ_DIR)
	@printf $(CYAN)
	$(CC) $(CFLAGS) -o $@ -c $< $(HEADERS)
	@printf $(NC)
	

# Not a target:
srcs/parse_utils.c:
#  Implicit rule search has been done.
#  Last modified 2022-05-17 17:43:56
#  File has been updated.
#  Successfully updated.
# variable set hash-table stats:
# Load=0/32=0%, Rehash=0, Collisions=0/0=0%

# Not a target:
srcs/parse_textures.c:
#  Implicit rule search has been done.
#  Last modified 2022-05-17 17:45:47
#  File has been updated.
#  Successfully updated.
# variable set hash-table stats:
# Load=0/32=0%, Rehash=0, Collisions=0/0=0%

# Not a target:
srcs/vec2.c:
#  Implicit rule search has been done.
#  Last modified 2022-05-17 17:43:56
#  File has been updated.
#  Successfully updated.
# variable set hash-table stats:
# Load=0/32=0%, Rehash=0, Collisions=0/0=0%

# Not a target:
srcs/minimap.c:
#  Implicit rule search has been done.
#  Last modified 2022-05-17 19:55:51
#  File has been updated.
#  Successfully updated.
# variable set hash-table stats:
# Load=0/32=0%, Rehash=0, Collisions=0/0=0%

srcs/objs/draw_game.o: srcs/draw_game.c
#  Implicit rule search has been done.
#  Implicit/static pattern stem: `draw_game'
#  Last modified 2022-05-17 20:09:24
#  File has been updated.
#  Successfully updated.
# variable set hash-table stats:
# Load=0/32=0%, Rehash=0, Collisions=0/0=0%
#  commands to execute (from `Makefile', line 61):
	@mkdir -p $(OBJ_DIR)
	@printf $(CYAN)
	$(CC) $(CFLAGS) -o $@ -c $< $(HEADERS)
	@printf $(NC)
	

fclean: clean
#  Phony target (prerequisite of .PHONY).
#  Implicit rule search has not been done.
#  File does not exist.
#  File has not been updated.
#  commands to execute (from `Makefile', line 77):
	@make fclean -C libft
	@printf $(YELLOW)
	rm -rf $(NAME)
	@printf $(NC)
	

# Not a target:
srcs/draw_game.c:
#  Implicit rule search has been done.
#  Last modified 2022-05-17 20:02:21
#  File has been updated.
#  Successfully updated.
# variable set hash-table stats:
# Load=0/32=0%, Rehash=0, Collisions=0/0=0%

# Not a target:
.DEFAULT:
#  Implicit rule search has not been done.
#  Modification time never checked.
#  File has not been updated.

srcs/objs/set_hooks.o: srcs/set_hooks.c
#  Implicit rule search has been done.
#  Implicit/static pattern stem: `set_hooks'
#  Last modified 2022-05-17 20:09:24
#  File has been updated.
#  Successfully updated.
# variable set hash-table stats:
# Load=0/32=0%, Rehash=0, Collisions=0/0=0%
#  commands to execute (from `Makefile', line 61):
	@mkdir -p $(OBJ_DIR)
	@printf $(CYAN)
	$(CC) $(CFLAGS) -o $@ -c $< $(HEADERS)
	@printf $(NC)
	

srcs/objs/parse.o: srcs/parse.c
#  Implicit rule search has been done.
#  Implicit/static pattern stem: `parse'
#  Last modified 2022-05-17 19:59:19
#  File has been updated.
#  Successfully updated.
# variable set hash-table stats:
# Load=0/32=0%, Rehash=0, Collisions=0/0=0%
 
#  commands to execute (from `Makefile', line 61):
	@mkdir -p $(OBJ_DIR)
	@printf $(CYAN)
	$(CC) $(CFLAGS) -o $@ -c $< $(HEADERS)
	@printf $(NC)
	

# Not a target:
srcs/time.c:
#  Implicit rule search has been done.
#  Last modified 2022-05-17 17:43:56
#  File has been updated.
#  Successfully updated.
# variable set hash-table stats:
# Load=0/32=0%, Rehash=0, Collisions=0/0=0%

srcs/objs/init.o: srcs/init.c
#  Implicit rule search has been done.
#  Implicit/static pattern stem: `init'
#  Last modified 2022-05-17 20:00:16
#  File has been updated.
#  Successfully updated.
# variable set hash-table stats:
# Load=0/32=0%, Rehash=0, Collisions=0/0=0%
#  commands to execute (from `Makefile', line 61):
	@mkdir -p $(OBJ_DIR)
	@printf $(CYAN)
	$(CC) $(CFLAGS) -o $@ -c $< $(HEADERS)
	@printf $(NC)
	

srcs/objs/dev.o: srcs/dev.c
#  Implicit rule search has been done.
#  Implicit/static pattern stem: `dev'
#  Last modified 2022-05-17 19:56:06
#  File has been updated.
#  Successfully updated.
# variable set hash-table stats:
# Load=0/32=0%, Rehash=0, Collisions=0/0=0%
#  commands to execute (from `Makefile', line 61):
	@mkdir -p $(OBJ_DIR)
	@printf $(CYAN)
	$(CC) $(CFLAGS) -o $@ -c $< $(HEADERS)
	@printf $(NC)
	

re: fclean all
#  Phony target (prerequisite of .PHONY).
#  Implicit rule search has not been done.
#  File does not exist.
#  File has not been updated.

run: all
#  Phony target (prerequisite of .PHONY).
#  Implicit rule search has not been done.
#  File does not exist.
#  File has not been updated.
#  commands to execute (from `Makefile', line 67):
	./$(NAME) maps/map_0.cub
	minimap.c \
	

clean:
#  Phony target (prerequisite of .PHONY).
#  Implicit rule search has not been done.
#  File does not exist.
#  File has not been updated.
#  commands to execute (from `Makefile', line 71):
	@make clean -C libft
	@printf $(YELLOW)
	rm -rf $(OBJ_DIR)
	@printf $(NC)
	

# Not a target:
srcs/set_hooks.c:
#  Implicit rule search has been done.
#  Last modified 2022-05-17 20:09:21
#  File has been updated.
#  Successfully updated.
# variable set hash-table stats:
# Load=0/32=0%, Rehash=0, Collisions=0/0=0%

# Not a target:
srcs/parse.c:
#  Implicit rule search has been done.
#  Last modified 2022-05-17 19:58:51
#  File has been updated.
#  Successfully updated.
# variable set hash-table stats:
# Load=0/32=0%, Rehash=0, Collisions=0/0=0%

# Not a target:
srcs/init.c:
#  Implicit rule search has been done.
#  Last modified 2022-05-17 19:59:32
#  File has been updated.
#  Successfully updated.
# variable set hash-table stats:
# Load=0/32=0%, Rehash=0, Collisions=0/0=0%

# Not a target:
srcs/dev.c:
#  Implicit rule search has been done.
#  Last modified 2022-05-17 17:43:56
#  File has been updated.
#  Successfully updated.
# variable set hash-table stats:
# Load=0/32=0%, Rehash=0, Collisions=0/0=0%

srcs/objs/time.o: srcs/time.c
#  Implicit rule search has been done.
#  Implicit/static pattern stem: `time'
#  Last modified 2022-05-17 19:56:06
#  File has been updated.
#  Successfully updated.
# variable set hash-table stats:
# Load=0/32=0%, Rehash=0, Collisions=0/0=0%
#  commands to execute (from `Makefile', line 61):
	@mkdir -p $(OBJ_DIR)
	@printf $(CYAN)
	$(CC) $(CFLAGS) -o $@ -c $< $(HEADERS)
	@printf $(NC)
	

# Not a target:
srcs/utils.c:
#  Implicit rule search has been done.
#  Last modified 2022-05-17 17:43:56
#  File has been updated.
#  Successfully updated.
# variable set hash-table stats:
# Load=0/32=0%, Rehash=0, Collisions=0/0=0%

srcs/objs/parse_map.o: srcs/parse_map.c
#  Implicit rule search has been done.
#  Implicit/static pattern stem: `parse_map'
#  Last modified 2022-05-17 19:56:06
#  File has been updated.
#  Successfully updated.
# variable set hash-table stats:
 
# Load=0/32=0%, Rehash=0, Collisions=0/0=0%
#  commands to execute (from `Makefile', line 61):
	@mkdir -p $(OBJ_DIR)
	@printf $(CYAN)
	$(CC) $(CFLAGS) -o $@ -c $< $(HEADERS)
	@printf $(NC)
	

srcs/objs/parse_file.o: srcs/parse_file.c
#  Implicit rule search has been done.
#  Implicit/static pattern stem: `parse_file'
#  Last modified 2022-05-17 19:56:06
#  File has been updated.
#  Successfully updated.
# variable set hash-table stats:
# Load=0/32=0%, Rehash=0, Collisions=0/0=0%
#  commands to execute (from `Makefile', line 61):
	@mkdir -p $(OBJ_DIR)
	@printf $(CYAN)
	$(CC) $(CFLAGS) -o $@ -c $< $(HEADERS)
	@printf $(NC)
	

srcs/objs/print_error.o: srcs/print_error.c
#  Implicit rule search has been done.
#  Implicit/static pattern stem: `print_error'
#  Last modified 2022-05-17 19:56:05
#  File has been updated.
#  Successfully updated.
# variable set hash-table stats:
# Load=0/32=0%, Rehash=0, Collisions=0/0=0%
#  commands to execute (from `Makefile', line 61):
	@mkdir -p $(OBJ_DIR)
	@printf $(CYAN)
	$(CC) $(CFLAGS) -o $@ -c $< $(HEADERS)
	@printf $(NC)
	

srcs/objs/draw.o: srcs/draw.c
#  Implicit rule search has been done.
#  Implicit/static pattern stem: `draw'
#  Last modified 2022-05-17 19:56:05
#  File has been updated.
#  Successfully updated.
# variable set hash-table stats:
# Load=0/32=0%, Rehash=0, Collisions=0/0=0%
#  commands to execute (from `Makefile', line 61):
	@mkdir -p $(OBJ_DIR)
	@printf $(CYAN)
	$(CC) $(CFLAGS) -o $@ -c $< $(HEADERS)
	@printf $(NC)
	

# files hash-table stats:
# Load=42/1024=4%, Rehash=0, Collisions=10/129=8%
# VPATH Search Paths

# No `vpath' search paths.

# No general (`VPATH' variable) search path.

# # of strings in strcache: 1
# # of strcache buffers: 1
# strcache size: total = 4096 / max = 4096 / min = 4096 / avg = 4096
# strcache free: total = 4087 / max = 4087 / min = 4087 / avg = 4087

# Finished Make data base on Tue May 17 20:10:58 2022

 
